<?xml version="1.0" encoding="UTF-8"?>
<testng-results ignored="0" total="2" passed="2" failed="0" skipped="0">
  <reporter-output>
  </reporter-output>
  <suite started-at="2024-06-07T20:14:55 IST" name="Suite" finished-at="2024-06-07T20:15:07 IST" duration-ms="11759">
    <groups>
    </groups>
    <test started-at="2024-06-07T20:14:55 IST" name="Test" finished-at="2024-06-07T20:15:07 IST" duration-ms="11759">
      <class name="MyTests.GuruTest">
        <test-method is-config="true" signature="Setup()[pri:0, instance:MyTests.GuruTest@20ce78ec]" started-at="2024-06-07T20:14:55 IST" name="Setup" finished-at="2024-06-07T20:15:02 IST" duration-ms="7085" status="PASS">
          <reporter-output>
          </reporter-output>
        </test-method> <!-- Setup -->
        <test-method signature="Login()[pri:0, instance:MyTests.GuruTest@20ce78ec]" started-at="2024-06-07T20:15:02 IST" name="Login" finished-at="2024-06-07T20:15:04 IST" duration-ms="1588" status="PASS">
          <reporter-output>
          </reporter-output>
        </test-method> <!-- Login -->
        <test-method signature="Newcustomer()[pri:1, instance:MyTests.GuruTest@20ce78ec]" started-at="2024-06-07T20:15:04 IST" name="Newcustomer" finished-at="2024-06-07T20:15:07 IST" duration-ms="2821" status="PASS">
          <reporter-output>
          </reporter-output>
        </test-method> <!-- Newcustomer -->
        <test-method is-config="true" signature="CloseApp()[pri:0, instance:MyTests.GuruTest@20ce78ec]" started-at="2024-06-07T20:15:07 IST" name="CloseApp" finished-at="2024-06-07T20:15:07 IST" duration-ms="193" status="PASS">
          <reporter-output>
          </reporter-output>
        </test-method> <!-- CloseApp -->
      </class> <!-- MyTests.GuruTest -->
    </test> <!-- Test -->
  </suite> <!-- Suite -->
</testng-results>
