<?xml version="1.0" encoding="UTF-8"?>
<testng-results ignored="0" total="2" passed="2" failed="0" skipped="0">
  <reporter-output>
  </reporter-output>
  <suite started-at="2024-06-06T14:35:18 IST" name="Suite" finished-at="2024-06-06T14:35:31 IST" duration-ms="13387">
    <groups>
    </groups>
    <test started-at="2024-06-06T14:35:18 IST" name="Test" finished-at="2024-06-06T14:35:31 IST" duration-ms="13387">
      <class name="MyTests.GuruTest">
        <test-method is-config="true" signature="Setup()[pri:0, instance:MyTests.GuruTest@7714e963]" started-at="2024-06-06T14:35:18 IST" name="Setup" finished-at="2024-06-06T14:35:22 IST" duration-ms="4395" status="PASS">
          <reporter-output>
          </reporter-output>
        </test-method> <!-- Setup -->
        <test-method signature="Login()[pri:0, instance:MyTests.GuruTest@7714e963]" started-at="2024-06-06T14:35:22 IST" name="Login" finished-at="2024-06-06T14:35:28 IST" duration-ms="5810" status="PASS">
          <reporter-output>
          </reporter-output>
        </test-method> <!-- Login -->
        <test-method signature="Newcustomer()[pri:1, instance:MyTests.GuruTest@7714e963]" started-at="2024-06-06T14:35:28 IST" name="Newcustomer" finished-at="2024-06-06T14:35:31 IST" duration-ms="2882" status="PASS">
          <reporter-output>
          </reporter-output>
        </test-method> <!-- Newcustomer -->
        <test-method is-config="true" signature="CloseApp()[pri:0, instance:MyTests.GuruTest@7714e963]" started-at="2024-06-06T14:35:31 IST" name="CloseApp" finished-at="2024-06-06T14:35:31 IST" duration-ms="212" status="PASS">
          <reporter-output>
          </reporter-output>
        </test-method> <!-- CloseApp -->
      </class> <!-- MyTests.GuruTest -->
    </test> <!-- Test -->
  </suite> <!-- Suite -->
</testng-results>
