<?xml version="1.0" encoding="UTF-8"?>
<testng-results ignored="0" total="2" passed="2" failed="0" skipped="0">
  <reporter-output>
  </reporter-output>
  <suite started-at="2024-06-13T16:13:30 IST" name="Default suite" finished-at="2024-06-13T16:13:42 IST" duration-ms="12742">
    <groups>
    </groups>
    <test started-at="2024-06-13T16:13:30 IST" name="Default test" finished-at="2024-06-13T16:13:42 IST" duration-ms="12742">
      <class name="MyTests.GuruTest">
        <test-method is-config="true" signature="Setup()[pri:0, instance:MyTests.GuruTest@6c80d78a]" started-at="2024-06-13T16:13:30 IST" name="Setup" finished-at="2024-06-13T16:13:38 IST" duration-ms="8265" status="PASS">
          <reporter-output>
          </reporter-output>
        </test-method> <!-- Setup -->
        <test-method signature="Login()[pri:0, instance:MyTests.GuruTest@6c80d78a]" started-at="2024-06-13T16:13:38 IST" name="Login" finished-at="2024-06-13T16:13:40 IST" duration-ms="1583" status="PASS">
          <reporter-output>
          </reporter-output>
        </test-method> <!-- Login -->
        <test-method signature="Newcustomer()[pri:1, instance:MyTests.GuruTest@6c80d78a]" started-at="2024-06-13T16:13:40 IST" name="Newcustomer" finished-at="2024-06-13T16:13:42 IST" duration-ms="2579" status="PASS">
          <reporter-output>
          </reporter-output>
        </test-method> <!-- Newcustomer -->
        <test-method is-config="true" signature="CloseApp()[pri:0, instance:MyTests.GuruTest@6c80d78a]" started-at="2024-06-13T16:13:42 IST" name="CloseApp" finished-at="2024-06-13T16:13:42 IST" duration-ms="249" status="PASS">
          <reporter-output>
          </reporter-output>
        </test-method> <!-- CloseApp -->
      </class> <!-- MyTests.GuruTest -->
    </test> <!-- Default test -->
  </suite> <!-- Default suite -->
</testng-results>
